<?xml version="1.0" encoding="UTF-8"?>
<!-- Generated by org.testng.reporters.JUnitXMLReporter -->
<testsuite ignored="0" hostname="DESKTOP-2MIKFUM" failures="0" tests="3" name="Default test" time="12.384" errors="0" timestamp="2023-12-07T14:29:12 PKT">
  <testcase classname="FileDownload.DownloadFile" name="launchbrowser" time="5.583"/>
  <testcase classname="FileDownload.DownloadFile" name="downloadFile" time="6.708"/>
  <testcase classname="FileDownload.DownloadFile" name="isFileExist" time="0.005"/>
</testsuite> <!-- Default test -->
