<?xml version="1.0" encoding="UTF-8"?>
<testng-results ignored="0" total="3" passed="3" failed="0" skipped="0">
  <reporter-output>
  </reporter-output>
  <suite started-at="2023-12-07T14:29:00 PKT" name="Default suite" finished-at="2023-12-07T14:29:12 PKT" duration-ms="12384">
    <groups>
    </groups>
    <test started-at="2023-12-07T14:29:00 PKT" name="Default test" finished-at="2023-12-07T14:29:12 PKT" duration-ms="12384">
      <class name="FileDownload.DownloadFile">
        <test-method signature="launchbrowser()[pri:0, instance:FileDownload.DownloadFile@1c5920df]" started-at="2023-12-07T14:29:00 PKT" name="launchbrowser" finished-at="2023-12-07T14:29:06 PKT" duration-ms="5583" status="PASS">
          <reporter-output>
          </reporter-output>
        </test-method> <!-- launchbrowser -->
        <test-method signature="downloadFile()[pri:1, instance:FileDownload.DownloadFile@1c5920df]" started-at="2023-12-07T14:29:06 PKT" name="downloadFile" finished-at="2023-12-07T14:29:12 PKT" duration-ms="6708" status="PASS">
          <reporter-output>
          </reporter-output>
        </test-method> <!-- downloadFile -->
        <test-method signature="isFileExist()[pri:2, instance:FileDownload.DownloadFile@1c5920df]" started-at="2023-12-07T14:29:12 PKT" name="isFileExist" finished-at="2023-12-07T14:29:12 PKT" duration-ms="5" status="PASS">
          <reporter-output>
          </reporter-output>
        </test-method> <!-- isFileExist -->
      </class> <!-- FileDownload.DownloadFile -->
    </test> <!-- Default test -->
  </suite> <!-- Default suite -->
</testng-results>
